<?xml version="1.0" encoding="UTF-8"?>
<testsuite xmlns:xsi="http://www.w3.org/2001/XMLSchema-instance" xsi:noNamespaceSchemaLocation="https://maven.apache.org/surefire/maven-surefire-plugin/xsd/surefire-test-report.xsd" name="com.excilys.dao.DAOTest" time="0.077" tests="5" errors="0" skipped="5" failures="0">
  <properties>
    <property name="sun.desktop" value="gnome"/>
    <property name="awt.toolkit" value="sun.awt.X11.XToolkit"/>
    <property name="file.encoding.pkg" value="sun.io"/>
    <property name="java.specification.version" value="1.8"/>
    <property name="sun.cpu.isalist" value=""/>
    <property name="sun.jnu.encoding" value="UTF-8"/>
    <property name="java.class.path" value="/home/excilys/Documents/CDBMultiModule/cdb/persistence/target/test-classes:/home/excilys/Documents/CDBMultiModule/cdb/persistence/target/classes:/home/excilys/Documents/CDBMultiModule/cdb/binding/target/binding-1.0-SNAPSHOT.jar:/home/excilys/Documents/CDBMultiModule/cdb/core/target/core-1.0-SNAPSHOT.jar:/home/excilys/.m2/repository/junit/junit/4.11/junit-4.11.jar:/home/excilys/.m2/repository/org/hamcrest/hamcrest-core/1.3/hamcrest-core-1.3.jar:/home/excilys/.m2/repository/org/mockito/mockito-all/1.10.19/mockito-all-1.10.19.jar:/home/excilys/.m2/repository/ch/qos/logback/logback-classic/1.2.3/logback-classic-1.2.3.jar:/home/excilys/.m2/repository/ch/qos/logback/logback-core/1.2.3/logback-core-1.2.3.jar:/home/excilys/.m2/repository/org/slf4j/slf4j-api/1.7.25/slf4j-api-1.7.25.jar:/home/excilys/.m2/repository/com/zaxxer/HikariCP/4.0.3/HikariCP-4.0.3.jar:/home/excilys/.m2/repository/org/springframework/spring-webmvc/5.3.7/spring-webmvc-5.3.7.jar:/home/excilys/.m2/repository/org/springframework/spring-aop/5.3.7/spring-aop-5.3.7.jar:/home/excilys/.m2/repository/org/springframework/spring-beans/5.3.7/spring-beans-5.3.7.jar:/home/excilys/.m2/repository/org/springframework/spring-context/5.3.7/spring-context-5.3.7.jar:/home/excilys/.m2/repository/org/springframework/spring-core/5.3.7/spring-core-5.3.7.jar:/home/excilys/.m2/repository/org/springframework/spring-jcl/5.3.7/spring-jcl-5.3.7.jar:/home/excilys/.m2/repository/org/springframework/spring-expression/5.3.7/spring-expression-5.3.7.jar:/home/excilys/.m2/repository/org/springframework/spring-web/5.3.7/spring-web-5.3.7.jar:/home/excilys/.m2/repository/org/hibernate/hibernate-core/5.5.0.Final/hibernate-core-5.5.0.Final.jar:/home/excilys/.m2/repository/org/jboss/logging/jboss-logging/3.4.2.Final/jboss-logging-3.4.2.Final.jar:/home/excilys/.m2/repository/javax/persistence/javax.persistence-api/2.2/javax.persistence-api-2.2.jar:/home/excilys/.m2/repository/org/javassist/javassist/3.27.0-GA/javassist-3.27.0-GA.jar:/home/excilys/.m2/repository/net/bytebuddy/byte-buddy/1.10.22/byte-buddy-1.10.22.jar:/home/excilys/.m2/repository/antlr/antlr/2.7.7/antlr-2.7.7.jar:/home/excilys/.m2/repository/org/jboss/spec/javax/transaction/jboss-transaction-api_1.2_spec/1.1.1.Final/jboss-transaction-api_1.2_spec-1.1.1.Final.jar:/home/excilys/.m2/repository/org/jboss/jandex/2.2.3.Final/jandex-2.2.3.Final.jar:/home/excilys/.m2/repository/com/fasterxml/classmate/1.5.1/classmate-1.5.1.jar:/home/excilys/.m2/repository/javax/activation/javax.activation-api/1.2.0/javax.activation-api-1.2.0.jar:/home/excilys/.m2/repository/org/hibernate/common/hibernate-commons-annotations/5.1.2.Final/hibernate-commons-annotations-5.1.2.Final.jar:/home/excilys/.m2/repository/javax/xml/bind/jaxb-api/2.3.1/jaxb-api-2.3.1.jar:/home/excilys/.m2/repository/org/glassfish/jaxb/jaxb-runtime/2.3.1/jaxb-runtime-2.3.1.jar:/home/excilys/.m2/repository/org/glassfish/jaxb/txw2/2.3.1/txw2-2.3.1.jar:/home/excilys/.m2/repository/com/sun/istack/istack-commons-runtime/3.0.7/istack-commons-runtime-3.0.7.jar:/home/excilys/.m2/repository/org/jvnet/staxex/stax-ex/1.8/stax-ex-1.8.jar:/home/excilys/.m2/repository/com/sun/xml/fastinfoset/FastInfoset/1.2.15/FastInfoset-1.2.15.jar:/home/excilys/.m2/repository/org/springframework/spring-orm/5.3.8/spring-orm-5.3.8.jar:/home/excilys/.m2/repository/org/springframework/spring-jdbc/5.3.8/spring-jdbc-5.3.8.jar:/home/excilys/.m2/repository/org/springframework/spring-tx/5.3.8/spring-tx-5.3.8.jar:/home/excilys/.m2/repository/javax/servlet/javax.servlet-api/4.0.1/javax.servlet-api-4.0.1.jar:"/>
    <property name="java.vm.vendor" value="Private Build"/>
    <property name="sun.arch.data.model" value="64"/>
    <property name="java.vendor.url" value="http://java.oracle.com/"/>
    <property name="user.timezone" value=""/>
    <property name="java.vm.specification.version" value="1.8"/>
    <property name="os.name" value="Linux"/>
    <property name="user.country" value="FR"/>
    <property name="sun.java.launcher" value="SUN_STANDARD"/>
    <property name="sun.boot.library.path" value="/usr/lib/jvm/java-8-openjdk-amd64/jre/lib/amd64"/>
    <property name="sun.java.command" value="/home/excilys/Documents/CDBMultiModule/cdb/persistence/target/surefire/surefirebooter583810725831187589.jar /home/excilys/Documents/CDBMultiModule/cdb/persistence/target/surefire 2021-06-17T16-09-27_923-jvmRun1 surefire2580264554810179685tmp surefire_24776820191252489005tmp"/>
    <property name="surefire.test.class.path" value="/home/excilys/Documents/CDBMultiModule/cdb/persistence/target/test-classes:/home/excilys/Documents/CDBMultiModule/cdb/persistence/target/classes:/home/excilys/Documents/CDBMultiModule/cdb/binding/target/binding-1.0-SNAPSHOT.jar:/home/excilys/Documents/CDBMultiModule/cdb/core/target/core-1.0-SNAPSHOT.jar:/home/excilys/.m2/repository/junit/junit/4.11/junit-4.11.jar:/home/excilys/.m2/repository/org/hamcrest/hamcrest-core/1.3/hamcrest-core-1.3.jar:/home/excilys/.m2/repository/org/mockito/mockito-all/1.10.19/mockito-all-1.10.19.jar:/home/excilys/.m2/repository/ch/qos/logback/logback-classic/1.2.3/logback-classic-1.2.3.jar:/home/excilys/.m2/repository/ch/qos/logback/logback-core/1.2.3/logback-core-1.2.3.jar:/home/excilys/.m2/repository/org/slf4j/slf4j-api/1.7.25/slf4j-api-1.7.25.jar:/home/excilys/.m2/repository/com/zaxxer/HikariCP/4.0.3/HikariCP-4.0.3.jar:/home/excilys/.m2/repository/org/springframework/spring-webmvc/5.3.7/spring-webmvc-5.3.7.jar:/home/excilys/.m2/repository/org/springframework/spring-aop/5.3.7/spring-aop-5.3.7.jar:/home/excilys/.m2/repository/org/springframework/spring-beans/5.3.7/spring-beans-5.3.7.jar:/home/excilys/.m2/repository/org/springframework/spring-context/5.3.7/spring-context-5.3.7.jar:/home/excilys/.m2/repository/org/springframework/spring-core/5.3.7/spring-core-5.3.7.jar:/home/excilys/.m2/repository/org/springframework/spring-jcl/5.3.7/spring-jcl-5.3.7.jar:/home/excilys/.m2/repository/org/springframework/spring-expression/5.3.7/spring-expression-5.3.7.jar:/home/excilys/.m2/repository/org/springframework/spring-web/5.3.7/spring-web-5.3.7.jar:/home/excilys/.m2/repository/org/hibernate/hibernate-core/5.5.0.Final/hibernate-core-5.5.0.Final.jar:/home/excilys/.m2/repository/org/jboss/logging/jboss-logging/3.4.2.Final/jboss-logging-3.4.2.Final.jar:/home/excilys/.m2/repository/javax/persistence/javax.persistence-api/2.2/javax.persistence-api-2.2.jar:/home/excilys/.m2/repository/org/javassist/javassist/3.27.0-GA/javassist-3.27.0-GA.jar:/home/excilys/.m2/repository/net/bytebuddy/byte-buddy/1.10.22/byte-buddy-1.10.22.jar:/home/excilys/.m2/repository/antlr/antlr/2.7.7/antlr-2.7.7.jar:/home/excilys/.m2/repository/org/jboss/spec/javax/transaction/jboss-transaction-api_1.2_spec/1.1.1.Final/jboss-transaction-api_1.2_spec-1.1.1.Final.jar:/home/excilys/.m2/repository/org/jboss/jandex/2.2.3.Final/jandex-2.2.3.Final.jar:/home/excilys/.m2/repository/com/fasterxml/classmate/1.5.1/classmate-1.5.1.jar:/home/excilys/.m2/repository/javax/activation/javax.activation-api/1.2.0/javax.activation-api-1.2.0.jar:/home/excilys/.m2/repository/org/hibernate/common/hibernate-commons-annotations/5.1.2.Final/hibernate-commons-annotations-5.1.2.Final.jar:/home/excilys/.m2/repository/javax/xml/bind/jaxb-api/2.3.1/jaxb-api-2.3.1.jar:/home/excilys/.m2/repository/org/glassfish/jaxb/jaxb-runtime/2.3.1/jaxb-runtime-2.3.1.jar:/home/excilys/.m2/repository/org/glassfish/jaxb/txw2/2.3.1/txw2-2.3.1.jar:/home/excilys/.m2/repository/com/sun/istack/istack-commons-runtime/3.0.7/istack-commons-runtime-3.0.7.jar:/home/excilys/.m2/repository/org/jvnet/staxex/stax-ex/1.8/stax-ex-1.8.jar:/home/excilys/.m2/repository/com/sun/xml/fastinfoset/FastInfoset/1.2.15/FastInfoset-1.2.15.jar:/home/excilys/.m2/repository/org/springframework/spring-orm/5.3.8/spring-orm-5.3.8.jar:/home/excilys/.m2/repository/org/springframework/spring-jdbc/5.3.8/spring-jdbc-5.3.8.jar:/home/excilys/.m2/repository/org/springframework/spring-tx/5.3.8/spring-tx-5.3.8.jar:/home/excilys/.m2/repository/javax/servlet/javax.servlet-api/4.0.1/javax.servlet-api-4.0.1.jar:"/>
    <property name="sun.cpu.endian" value="little"/>
    <property name="user.home" value="/home/excilys"/>
    <property name="user.language" value="fr"/>
    <property name="java.specification.vendor" value="Oracle Corporation"/>
    <property name="java.home" value="/usr/lib/jvm/java-8-openjdk-amd64/jre"/>
    <property name="basedir" value="/home/excilys/Documents/CDBMultiModule/cdb/persistence"/>
    <property name="file.separator" value="/"/>
    <property name="line.separator" value="&#10;"/>
    <property name="java.vm.specification.vendor" value="Oracle Corporation"/>
    <property name="java.specification.name" value="Java Platform API Specification"/>
    <property name="java.awt.graphicsenv" value="sun.awt.X11GraphicsEnvironment"/>
    <property name="surefire.real.class.path" value="/home/excilys/Documents/CDBMultiModule/cdb/persistence/target/surefire/surefirebooter583810725831187589.jar"/>
    <property name="sun.boot.class.path" value="/usr/lib/jvm/java-8-openjdk-amd64/jre/lib/resources.jar:/usr/lib/jvm/java-8-openjdk-amd64/jre/lib/rt.jar:/usr/lib/jvm/java-8-openjdk-amd64/jre/lib/sunrsasign.jar:/usr/lib/jvm/java-8-openjdk-amd64/jre/lib/jsse.jar:/usr/lib/jvm/java-8-openjdk-amd64/jre/lib/jce.jar:/usr/lib/jvm/java-8-openjdk-amd64/jre/lib/charsets.jar:/usr/lib/jvm/java-8-openjdk-amd64/jre/lib/jfr.jar:/usr/lib/jvm/java-8-openjdk-amd64/jre/classes"/>
    <property name="sun.management.compiler" value="HotSpot 64-Bit Tiered Compilers"/>
    <property name="java.runtime.version" value="1.8.0_292-8u292-b10-0ubuntu1~18.04-b10"/>
    <property name="user.name" value="excilys"/>
    <property name="path.separator" value=":"/>
    <property name="os.version" value="5.4.0-74-generic"/>
    <property name="java.endorsed.dirs" value="/usr/lib/jvm/java-8-openjdk-amd64/jre/lib/endorsed"/>
    <property name="java.runtime.name" value="OpenJDK Runtime Environment"/>
    <property name="file.encoding" value="UTF-8"/>
    <property name="java.vm.name" value="OpenJDK 64-Bit Server VM"/>
    <property name="localRepository" value="/home/excilys/.m2/repository"/>
    <property name="java.vendor.url.bug" value="http://bugreport.sun.com/bugreport/"/>
    <property name="java.io.tmpdir" value="/tmp"/>
    <property name="java.version" value="1.8.0_292"/>
    <property name="user.dir" value="/home/excilys/Documents/CDBMultiModule/cdb/persistence"/>
    <property name="os.arch" value="amd64"/>
    <property name="java.vm.specification.name" value="Java Virtual Machine Specification"/>
    <property name="java.awt.printerjob" value="sun.print.PSPrinterJob"/>
    <property name="sun.os.patch.level" value="unknown"/>
    <property name="java.library.path" value="/usr/java/packages/lib/amd64:/usr/lib/x86_64-linux-gnu/jni:/lib/x86_64-linux-gnu:/usr/lib/x86_64-linux-gnu:/usr/lib/jni:/lib:/usr/lib"/>
    <property name="java.vm.info" value="mixed mode"/>
    <property name="java.vendor" value="Private Build"/>
    <property name="java.vm.version" value="25.292-b10"/>
    <property name="java.ext.dirs" value="/usr/lib/jvm/java-8-openjdk-amd64/jre/lib/ext:/usr/java/packages/lib/ext"/>
    <property name="sun.io.unicode.encoding" value="UnicodeLittle"/>
    <property name="java.class.version" value="52.0"/>
  </properties>
  <testcase name="requestAllComputerNotNull" classname="com.excilys.dao.DAOTest" time="0">
    <skipped/>
  </testcase>
  <testcase name="addComputer" classname="com.excilys.dao.DAOTest" time="0">
    <skipped/>
  </testcase>
  <testcase name="updateComputer" classname="com.excilys.dao.DAOTest" time="0">
    <skipped/>
  </testcase>
  <testcase name="findComputerNotinH2ButInDB" classname="com.excilys.dao.DAOTest" time="0">
    <skipped/>
  </testcase>
  <testcase name="deleteComputer" classname="com.excilys.dao.DAOTest" time="0">
    <skipped/>
  </testcase>
</testsuite>